<?xml version="1.0" encoding="UTF-8"?>
<!-- Generated by org.testng.reporters.JUnitXMLReporter -->
<testsuite ignored="2" hostname="Arcgate-PC" failures="0" tests="7" name="Test" time="47.639" errors="0" timestamp="2022-09-23T11:30:37 IST">
  <testcase classname="com.genvideo.TestCases.TC_Login_001" name="verifyTitle" time="8.241"/>
  <testcase classname="com.genvideo.TestCases.TC_Login_001" name="verifyLogo" time="1.086"/>
  <testcase classname="com.genvideo.TestCases.TC_Login_001" name="verifyLogin" time="9.792"/>
  <testcase classname="com.genvideo.TestCases.TC_Login_001" name="verifyForgetPasswordLink" time="1.403"/>
  <testcase classname="com.genvideo.TestCases.TC_LoginWorkSpace_002" name="verifyLoginWorkSpaceTitle" time="9.17"/>
  <testcase classname="com.genvideo.TestCases.TC_LoginWorkSpace_002" name="verify_Logo_on_WorkSpacePage" time="2.057"/>
  <testcase classname="com.genvideo.TestCases.TC_LoginWorkSpace_002" name="selectWorkSpace" time="15.85"/>
  <testcase classname="com.genvideo.TestCases.BaseClass" name="@AfterSuite quitDriver" time="0.0">
    <ignored/>
  </testcase> <!-- @AfterSuite quitDriver -->
  <testcase classname="com.genvideo.TestCases.BaseClass" name="@BeforeSuite setupClass" time="0.0">
    <ignored/>
  </testcase> <!-- @BeforeSuite setupClass -->
</testsuite> <!-- Test -->
