<?xml version="1.0" encoding="UTF-8"?>
<!-- Generated by org.testng.reporters.JUnitXMLReporter -->
<testsuite ignored="0" hostname="gipl-226" failures="0" tests="3" name="Default test" time="19.217" errors="0" timestamp="2023-04-28T11:08:15 IST">
  <testcase classname="com_Cadou_giftting.Test.TC_Login_001" name="verifyTitle" time="4.01"/>
  <testcase classname="com_Cadou_giftting.Test.TC_Login_001" name="verifyLogin" time="0.267"/>
  <testcase classname="com_Cadou_giftting.Test.TC_Login_001" name="AssignCaptianShift" time="14.888"/>
</testsuite> <!-- Default test -->
