<?xml version="1.0" encoding="UTF-8"?>
<testsuite xmlns:xsi="http://www.w3.org/2001/XMLSchema-instance" xsi:noNamespaceSchemaLocation="https://maven.apache.org/surefire/maven-surefire-plugin/xsd/surefire-test-report-3.0.xsd" version="3.0" name="TestSuite" time="35.938" tests="7" errors="0" skipped="0" failures="0">
  <properties>
[...]
</properties>
  <testcase name="verifyTitle" classname="com.genvideo.TestCases.TC_Login_001" time="5.563">
    <system-out><![CDATA[*** Test Suite Test started ***
*** Running test method verifyTitle...
Directory already exists: C:\Users\Krishan Gopal\eclipse-workspace\com.genvideo.backstage\TestReport
Login gen.video
*** Executed verifyTitle test successfully...
]]></system-out>
    <system-err><![CDATA[SLF4J: Failed to load class "org.slf4j.impl.StaticLoggerBinder".
SLF4J: Defaulting to no-operation (NOP) logger implementation
SLF4J: See http://www.slf4j.org/codes.html#StaticLoggerBinder for further details.
log4j:WARN No appenders could be found for logger (io.netty.util.internal.logging.InternalLoggerFactory).
log4j:WARN Please initialize the log4j system properly.
log4j:WARN See http://logging.apache.org/log4j/1.2/faq.html#noconfig for more info.
Starting ChromeDriver 105.0.5195.52 (412c95e518836d8a7d97250d62b29c2ae6a26a85-refs/branch-heads/5195@{#853}) on port 51734
Only local connections are allowed.
Please see https://chromedriver.chromium.org/security-considerations for suggestions on keeping ChromeDriver safe.
ChromeDriver was started successfully.
Sep 23, 2022 11:33:53 AM org.openqa.selenium.remote.ProtocolHandshake createSession
INFO: Detected dialect: W3C
Sep 23, 2022 11:33:53 AM org.openqa.selenium.devtools.CdpVersionFinder findNearestMatch
WARNING: Unable to find an exact match for CDP version 105, so returning the closest version found: a no-op implementation
Sep 23, 2022 11:33:53 AM org.openqa.selenium.devtools.CdpVersionFinder findNearestMatch
INFO: Unable to find CDP implementation matching 105.
Sep 23, 2022 11:33:53 AM org.openqa.selenium.chromium.ChromiumDriver lambda$new$3
WARNING: Unable to find version of CDP to use for . You may need to include a dependency on a specific version of the CDP using something similar to `org.seleniumhq.selenium:selenium-devtools-v86:4.1.2` where the version ("v86") matches the version of the chromium-based browser you're using and the version number of the artifact is the same as Selenium's.
]]></system-err>
  </testcase>
  <testcase name="verifyLogo" classname="com.genvideo.TestCases.TC_Login_001" time="1.083">
    <system-out><![CDATA[*** Running test method verifyLogo...
*** Executed verifyLogo test successfully...
]]></system-out>
  </testcase>
  <testcase name="verifyLogin" classname="com.genvideo.TestCases.TC_Login_001" time="6.123">
    <system-out><![CDATA[*** Running test method verifyLogin...
Login Workspace gen.video
*** Executed verifyLogin test successfully...
]]></system-out>
  </testcase>
  <testcase name="verifyForgetPasswordLink" classname="com.genvideo.TestCases.TC_Login_001" time="1.532">
    <system-out><![CDATA[*** Running test method verifyForgetPasswordLink...
Login :: gen.video
*** Executed verifyForgetPasswordLink test successfully...
]]></system-out>
  </testcase>
  <testcase name="verifyLoginWorkSpaceTitle" classname="com.genvideo.TestCases.TC_LoginWorkSpace_002" time="6.035">
    <system-out><![CDATA[*** Running test method verifyLoginWorkSpaceTitle...
Login Workspace gen.video
*** Executed verifyLoginWorkSpaceTitle test successfully...
]]></system-out>
  </testcase>
  <testcase name="verify_Logo_on_WorkSpacePage" classname="com.genvideo.TestCases.TC_LoginWorkSpace_002" time="2.054">
    <system-out><![CDATA[*** Running test method verify_Logo_on_WorkSpacePage...
*** Executed verify_Logo_on_WorkSpacePage test successfully...
]]></system-out>
  </testcase>
  <testcase name="selectWorkSpace" classname="com.genvideo.TestCases.TC_LoginWorkSpace_002" time="11.136">
    <system-out><![CDATA[*** Running test method selectWorkSpace...
*** Executed selectWorkSpace test successfully...
]]></system-out>
  </testcase>
</testsuite>