<?xml version="1.0" encoding="UTF-8"?>
<testng-results ignored="0" total="3" passed="3" failed="0" skipped="0">
  <reporter-output>
  </reporter-output>
  <suite started-at="2023-04-28T11:07:56 IST" name="Default suite" finished-at="2023-04-28T11:08:15 IST" duration-ms="19217">
    <groups>
    </groups>
    <test started-at="2023-04-28T11:07:56 IST" name="Default test" finished-at="2023-04-28T11:08:15 IST" duration-ms="19217">
      <class name="com_Cadou_giftting.Test.TC_Login_001">
        <test-method is-config="true" signature="setupClass()[pri:0, instance:com_Cadou_giftting.Test.TC_Login_001@2d3379b4]" started-at="2023-04-28T11:07:52 IST" name="setupClass" finished-at="2023-04-28T11:07:56 IST" duration-ms="4469" status="PASS">
          <reporter-output>
          </reporter-output>
        </test-method> <!-- setupClass -->
        <test-method signature="verifyTitle()[pri:1, instance:com_Cadou_giftting.Test.TC_Login_001@2d3379b4]" started-at="2023-04-28T11:07:56 IST" name="verifyTitle" finished-at="2023-04-28T11:08:00 IST" duration-ms="4010" status="PASS">
          <reporter-output>
          </reporter-output>
        </test-method> <!-- verifyTitle -->
        <test-method signature="verifyLogin()[pri:2, instance:com_Cadou_giftting.Test.TC_Login_001@2d3379b4]" started-at="2023-04-28T11:08:00 IST" name="verifyLogin" finished-at="2023-04-28T11:08:00 IST" duration-ms="267" status="PASS">
          <reporter-output>
          </reporter-output>
        </test-method> <!-- verifyLogin -->
        <test-method signature="AssignCaptianShift()[pri:3, instance:com_Cadou_giftting.Test.TC_Login_001@2d3379b4]" started-at="2023-04-28T11:08:00 IST" name="AssignCaptianShift" finished-at="2023-04-28T11:08:15 IST" duration-ms="14888" status="PASS">
          <reporter-output>
          </reporter-output>
        </test-method> <!-- AssignCaptianShift -->
      </class> <!-- com_Cadou_giftting.Test.TC_Login_001 -->
    </test> <!-- Default test -->
  </suite> <!-- Default suite -->
</testng-results>
